  11.cpp
C:\кер мед\11\11\number_theory.h(36,13): warning C4244: инициализация: преобразование "__int64" в "double", возможна потеря данных
C:\кер мед\11\11\number_theory.h(39,34): warning C4244: аргумент: преобразование "__int64" в "const unsigned int", возможна потеря данных
C:\кер мед\11\11\number_theory.h(40,41): warning C4244: аргумент: преобразование "__int64" в "const unsigned int", возможна потеря данных
C:\кер мед\11\11\number_theory.h(41,30): warning C4244: аргумент: преобразование "__int64" в "const unsigned int", возможна потеря данных
C:\кер мед\11\11\number_theory.h(73,19): warning C4244: аргумент: преобразование "__int64" в "const unsigned int", возможна потеря данных
C:\кер мед\11\11\number_theory.h(74,14): warning C4244: аргумент: преобразование "__int64" в "const unsigned int", возможна потеря данных
C:\кер мед\11\11\number_theory.h(74,26): warning C4244: аргумент: преобразование "__int64" в "const unsigned int", возможна потеря данных
C:\кер мед\11\11\number_theory.h(75,22): warning C4244: аргумент: преобразование "__int64" в "const unsigned int", возможна потеря данных
C:\кер мед\11\11\number_theory.h(75,38): warning C4244: аргумент: преобразование "__int64" в "const unsigned int", возможна потеря данных
C:\кер мед\11\11\number_theory.h(76,40): warning C4244: аргумент: преобразование "__int64" в "const unsigned int", возможна потеря данных
C:\кер мед\11\11\number_theory.h(76,65): warning C4244: аргумент: преобразование "__int64" в "const unsigned int", возможна потеря данных
C:\кер мед\11\11\number_theory.h(77,22): warning C4244: аргумент: преобразование "__int64" в "const unsigned int", возможна потеря данных
C:\кер мед\11\11\number_theory.h(77,38): warning C4244: аргумент: преобразование "__int64" в "const unsigned int", возможна потеря данных
C:\кер мед\11\11\number_theory.h(79,22): warning C4244: аргумент: преобразование "__int64" в "const unsigned int", возможна потеря данных
C:\кер мед\11\11\number_theory.h(80,13): warning C4244: аргумент: преобразование "__int64" в "const unsigned int", возможна потеря данных
C:\кер мед\11\11\number_theory.h(81,29): warning C4244: аргумент: преобразование "__int64" в "const unsigned int", возможна потеря данных
C:\кер мед\11\11\number_theory.h(90,10): warning C4477: "printf": в строке форматирования "%d" требуется аргумент типа "int", но вариативный аргумент "1" имеет тип "__int64"
C:\кер мед\11\11\number_theory.h(90,10): message : рекомендуется использовать "%lld" в строке форматирования
C:\кер мед\11\11\number_theory.h(90,10): message : рекомендуется использовать "%I64d" в строке форматирования
C:\кер мед\11\11\number_theory.h(102,10): warning C4477: "printf": в строке форматирования "%d" требуется аргумент типа "int", но вариативный аргумент "1" имеет тип "__int64"
C:\кер мед\11\11\number_theory.h(102,10): message : рекомендуется использовать "%lld" в строке форматирования
C:\кер мед\11\11\number_theory.h(102,10): message : рекомендуется использовать "%I64d" в строке форматирования
C:\кер мед\11\11\number_theory.h(116,27): warning C4244: аргумент: преобразование "__int64" в "const unsigned int", возможна потеря данных
C:\кер мед\11\11\number_theory.h(116,43): warning C4244: аргумент: преобразование "__int64" в "const unsigned int", возможна потеря данных
C:\кер мед\11\11\number_theory.h(124,17): warning C4244: аргумент: преобразование "__int64" в "const unsigned int", возможна потеря данных
C:\кер мед\11\11\11.cpp(12,11): warning C4244: инициализация: преобразование "__int64" в "int", возможна потеря данных
C:\кер мед\11\11\11.cpp(13,25): warning C4244: =: преобразование "__int64" в "int", возможна потеря данных
C:\кер мед\11\11\11.cpp(15,25): warning C4244: =: преобразование "__int64" в "int", возможна потеря данных
C:\кер мед\11\11\11.cpp(18,17): warning C4566: символ, представленный универсальным именем символа "\u2260", невозможно представить в текущей кодовой странице (1251)
C:\кер мед\11\11\11.cpp(30,20): warning C4244: инициализация: преобразование "__int64" в "int", возможна потеря данных
C:\кер мед\11\11\11.cpp(31,20): warning C4244: инициализация: преобразование "__int64" в "int", возможна потеря данных
C:\кер мед\11\11\11.cpp(32,20): warning C4244: инициализация: преобразование "__int64" в "int", возможна потеря данных
C:\кер мед\11\11\number_theory.h(149): warning C4715: DegreeRemainder2: значение возвращается не при всех путях выполнения
  11.vcxproj -> C:\кер мед\11\Debug\11.exe
